Iter: 0 cost: 0.548503577709198 Accuracy: 0.50390625
Iter: 100 cost: 0.1521182507276535 Accuracy: 0.826171875
Iter: 200 cost: 0.12799474596977234 Accuracy: 0.876953125
Iter: 300 cost: 0.11579843610525131 Accuracy: 0.892578125
Iter: 400 cost: 0.10341303795576096 Accuracy: 0.919921875
Iter: 500 cost: 0.10033777356147766 Accuracy: 0.896484375
Iter: 600 cost: 0.10324762761592865 Accuracy: 0.89453125
Iter: 700 cost: 0.10830163955688477 Accuracy: 0.89453125
Iter: 800 cost: 0.10278439521789551 Accuracy: 0.90234375
Iter: 900 cost: 0.09789891541004181 Accuracy: 0.919921875
Iter: 1000 cost: 0.09843495488166809 Accuracy: 0.90625
Iter: 1100 cost: 0.09726820886135101 Accuracy: 0.921875
Iter: 1200 cost: 0.08774018287658691 Accuracy: 0.931640625
Iter: 1300 cost: 0.0872504934668541 Accuracy: 0.9140625
Iter: 1400 cost: 0.0946185514330864 Accuracy: 0.90234375
Iter: 1500 cost: 0.08957716077566147 Accuracy: 0.923828125
Iter: 1600 cost: 0.08363323658704758 Accuracy: 0.923828125
Iter: 1700 cost: 0.07802677154541016 Accuracy: 0.927734375
Iter: 1800 cost: 0.07983765006065369 Accuracy: 0.939453125
Iter: 1900 cost: 0.07900045812129974 Accuracy: 0.9375
Iter: 2000 cost: 0.08336161077022552 Accuracy: 0.927734375
Iter: 2100 cost: 0.08721872419118881 Accuracy: 0.91796875
Iter: 2200 cost: 0.0828276202082634 Accuracy: 0.935546875
Iter: 2300 cost: 0.08030032366514206 Accuracy: 0.92578125
Iter: 2400 cost: 0.08271420747041702 Accuracy: 0.935546875
Iter: 2500 cost: 0.08068004250526428 Accuracy: 0.9375
Iter: 2600 cost: 0.07085424661636353 Accuracy: 0.953125
Iter: 2700 cost: 0.08284644782543182 Accuracy: 0.919921875
Iter: 2800 cost: 0.07825488597154617 Accuracy: 0.943359375
Iter: 2900 cost: 0.08078475296497345 Accuracy: 0.91796875
Iter: 3000 cost: 0.07856087386608124 Accuracy: 0.931640625
Iter: 3100 cost: 0.0753183364868164 Accuracy: 0.9296875
Iter: 3200 cost: 0.08588533103466034 Accuracy: 0.923828125
Iter: 3300 cost: 0.07762312889099121 Accuracy: 0.927734375
Iter: 3400 cost: 0.07209908217191696 Accuracy: 0.9453125
Iter: 3500 cost: 0.06826815754175186 Accuracy: 0.943359375
Iter: 3600 cost: 0.08001791685819626 Accuracy: 0.919921875
Iter: 3700 cost: 0.07670385390520096 Accuracy: 0.9296875
Iter: 3800 cost: 0.08020457625389099 Accuracy: 0.921875
Iter: 3900 cost: 0.07729628682136536 Accuracy: 0.923828125
Iter: 4000 cost: 0.07472065836191177 Accuracy: 0.966796875
Iter: 4100 cost: 0.07037901133298874 Accuracy: 0.943359375
Iter: 4200 cost: 0.0750328004360199 Accuracy: 0.9453125
Iter: 4300 cost: 0.07709528505802155 Accuracy: 0.935546875
Iter: 4400 cost: 0.07139354199171066 Accuracy: 0.935546875
Iter: 4500 cost: 0.07220930606126785 Accuracy: 0.927734375
Iter: 4600 cost: 0.08232464641332626 Accuracy: 0.92578125
Iter: 4700 cost: 0.07179998606443405 Accuracy: 0.955078125
Iter: 4800 cost: 0.08043357729911804 Accuracy: 0.927734375
Iter: 4900 cost: 0.07166602462530136 Accuracy: 0.939453125
Iter: 5000 cost: 0.08194731920957565 Accuracy: 0.927734375
Iter: 5100 cost: 0.06459366530179977 Accuracy: 0.94921875
Iter: 5200 cost: 0.06689324975013733 Accuracy: 0.947265625
Iter: 5300 cost: 0.06728485971689224 Accuracy: 0.9453125
Iter: 5400 cost: 0.07156169414520264 Accuracy: 0.931640625
Iter: 5500 cost: 0.07479818165302277 Accuracy: 0.9296875
Iter: 5600 cost: 0.0680568739771843 Accuracy: 0.94921875
Iter: 5700 cost: 0.07136309146881104 Accuracy: 0.931640625
Iter: 5800 cost: 0.06672590225934982 Accuracy: 0.94921875
Iter: 5900 cost: 0.07289063930511475 Accuracy: 0.93359375
Iter: 6000 cost: 0.07122232019901276 Accuracy: 0.953125
Iter: 6100 cost: 0.07337448745965958 Accuracy: 0.93359375
Iter: 6200 cost: 0.06776013225317001 Accuracy: 0.943359375
Iter: 6300 cost: 0.07404060661792755 Accuracy: 0.94140625
Iter: 6400 cost: 0.07339653372764587 Accuracy: 0.927734375
Iter: 6500 cost: 0.0692935511469841 Accuracy: 0.93359375
Iter: 6600 cost: 0.07987435162067413 Accuracy: 0.939453125
Iter: 6700 cost: 0.06301798671483994 Accuracy: 0.958984375
Iter: 6800 cost: 0.07508259266614914 Accuracy: 0.935546875
Iter: 6900 cost: 0.06901383399963379 Accuracy: 0.955078125
Iter: 7000 cost: 0.07382094860076904 Accuracy: 0.92578125
Iter: 7100 cost: 0.06619629263877869 Accuracy: 0.947265625
Iter: 7200 cost: 0.06604692339897156 Accuracy: 0.955078125
Iter: 7300 cost: 0.070009745657444 Accuracy: 0.943359375
Iter: 7400 cost: 0.07701951265335083 Accuracy: 0.9296875
Iter: 7500 cost: 0.0742911621928215 Accuracy: 0.92578125
Iter: 7600 cost: 0.06716407835483551 Accuracy: 0.955078125
Iter: 7700 cost: 0.061747755855321884 Accuracy: 0.958984375
Iter: 7800 cost: 0.06807310879230499 Accuracy: 0.953125
Iter: 7900 cost: 0.063982754945755 Accuracy: 0.953125
Iter: 8000 cost: 0.07282289117574692 Accuracy: 0.935546875
Iter: 8100 cost: 0.0730418711900711 Accuracy: 0.9375
Iter: 8200 cost: 0.07214678823947906 Accuracy: 0.9453125
Iter: 8300 cost: 0.07133261859416962 Accuracy: 0.94140625
Iter: 8400 cost: 0.07173097878694534 Accuracy: 0.9296875
Iter: 8500 cost: 0.07334014773368835 Accuracy: 0.9453125
Iter: 8600 cost: 0.06883665919303894 Accuracy: 0.94921875
Iter: 8700 cost: 0.0724705159664154 Accuracy: 0.947265625
Iter: 8800 cost: 0.06629275530576706 Accuracy: 0.943359375
Iter: 8900 cost: 0.05947863310575485 Accuracy: 0.9609375
Iter: 9000 cost: 0.06764029711484909 Accuracy: 0.94140625
Iter: 9100 cost: 0.07568163424730301 Accuracy: 0.9375
Iter: 9200 cost: 0.07204020768404007 Accuracy: 0.9453125
Iter: 9300 cost: 0.06404253840446472 Accuracy: 0.947265625
Iter: 9400 cost: 0.07198473066091537 Accuracy: 0.9453125
Iter: 9500 cost: 0.07076746225357056 Accuracy: 0.939453125
Iter: 9600 cost: 0.07671789824962616 Accuracy: 0.931640625
Iter: 9700 cost: 0.05837620422244072 Accuracy: 0.955078125
Iter: 9800 cost: 0.06876152008771896 Accuracy: 0.951171875
Iter: 9900 cost: 0.0754343569278717 Accuracy: 0.9375